[debug] [2023-03-29T23:30:41.182Z] ----------------------------------------------------------------------
[debug] [2023-03-29T23:30:41.188Z] Command:       C:\Program Files\nodejs\node.exe C:\Users\aletelier\AppData\Roaming\npm\node_modules\firebase-tools\lib\bin\firebase.js init hosting
[debug] [2023-03-29T23:30:41.189Z] CLI Version:   11.24.0
[debug] [2023-03-29T23:30:41.189Z] Platform:      win32
[debug] [2023-03-29T23:30:41.189Z] Node Version:  v16.17.1
[debug] [2023-03-29T23:30:41.192Z] Time:          Wed Mar 29 2023 20:30:41 GMT-0300 (hora de verano de Chile)
[debug] [2023-03-29T23:30:41.192Z] ----------------------------------------------------------------------
[debug] 
[debug] [2023-03-29T23:30:41.200Z] >>> [apiv2][query] GET https://firebase-public.firebaseio.com/cli.json [none]
[debug] [2023-03-29T23:30:41.424Z] > command requires scopes: ["email","openid","https://www.googleapis.com/auth/cloudplatformprojects.readonly","https://www.googleapis.com/auth/firebase","https://www.googleapis.com/auth/cloud-platform"]
[debug] [2023-03-29T23:30:41.425Z] > authorizing via signed-in user (almlogistico@gmail.com)
[info] 
     ######## #### ########  ######## ########     ###     ######  ########
     ##        ##  ##     ## ##       ##     ##  ##   ##  ##       ##
     ######    ##  ########  ######   ########  #########  ######  ######
     ##        ##  ##    ##  ##       ##     ## ##     ##       ## ##
     ##       #### ##     ## ######## ########  ##     ##  ######  ########

You're about to initialize a Firebase project in this directory:

  C:\Users\aletelier\Desktop\Proyectos\logisticmedapp

Before we get started, keep in mind:

  * You are initializing within an existing Firebase project directory

[debug] [2023-03-29T23:30:41.918Z] <<< [apiv2][status] GET https://firebase-public.firebaseio.com/cli.json 200
[debug] [2023-03-29T23:30:41.918Z] <<< [apiv2][body] GET https://firebase-public.firebaseio.com/cli.json {"cloudBuildErrorAfter":1594252800000,"cloudBuildWarnAfter":1590019200000,"defaultNode10After":1594252800000,"minVersion":"3.0.5","node8DeploysDisabledAfter":1613390400000,"node8RuntimeDisabledAfter":1615809600000,"node8WarnAfter":1600128000000}
[info] 
=== Project Setup
[info] 
[info] First, let's associate this project directory with a Firebase project.
[info] You can create multiple project aliases by running firebase use --add, 
[info] but for now we'll just set up a default project.
[info] 
[debug] [2023-03-29T23:30:46.874Z] Using project from CLI flag: logisticmedappdesa
[debug] [2023-03-29T23:30:46.876Z] > refreshing access token with scopes: []
[debug] [2023-03-29T23:30:46.877Z] >>> [apiv2][query] POST https://www.googleapis.com/oauth2/v3/token [none]
[debug] [2023-03-29T23:30:46.877Z] >>> [apiv2][body] POST https://www.googleapis.com/oauth2/v3/token [omitted]
[debug] [2023-03-29T23:30:46.960Z] <<< [apiv2][status] POST https://www.googleapis.com/oauth2/v3/token 200
[debug] [2023-03-29T23:30:46.960Z] <<< [apiv2][body] POST https://www.googleapis.com/oauth2/v3/token [omitted]
[debug] [2023-03-29T23:30:46.972Z] >>> [apiv2][query] GET https://firebase.googleapis.com/v1beta1/projects/logisticmedappdesa [none]
[debug] [2023-03-29T23:30:47.316Z] <<< [apiv2][status] GET https://firebase.googleapis.com/v1beta1/projects/logisticmedappdesa 200
[debug] [2023-03-29T23:30:47.317Z] <<< [apiv2][body] GET https://firebase.googleapis.com/v1beta1/projects/logisticmedappdesa {"projectId":"logisticmedappdesa","projectNumber":"768930218441","displayName":"LogisticMedAppDesa","name":"projects/logisticmedappdesa","resources":{"hostingSite":"logisticmedappdesa"},"state":"ACTIVE","etag":"1_eb4abf8a-b4b7-4d97-815e-6ae990ee1618"}
[info] i  Using project logisticmedappdesa (LogisticMedAppDesa) 
[info] 
=== Hosting Setup
[info] 
[info] Your public directory is the folder (relative to your project directory) that
[info] will contain Hosting assets to be uploaded with firebase deploy. If you
[info] have a build process for your assets, use your build's output directory.
[info] 
